
         ,--.
       ,--.'|
   ,--,:  : |                                           Nacos 2.0.1
,`--.'`|  ' :                       ,---.               Running in stand alone mode, All function modules
|   :  :  | |                      '   ,'\   .--.--.    Port: 8848
:   |   \ | :  ,--.--.     ,---.  /   /   | /  /    '   Pid: 20
|   : '  '; | /       \   /     \.   ; ,. :|  :  /`./   Console: http://172.18.0.2:8848/nacos/index.html
'   ' ;.    ;.--.  .-. | /    / ''   | |: :|  :  ;_
|   | | \   | \__\/: . ..    ' / '   | .; : \  \    `.      https://nacos.io
'   : |  ; .' ," .--.; |'   ; :__|   :    |  `----.   \
|   | '`--'  /  /  ,.  |'   | '.'|\   \  /  /  /`--'  /
'   : |     ;  :   .'   \   :    : `----'  '--'.     /
;   |.'     |  ,     .-./\   \  /            `--'---'
'---'        `--`---'     `----'

2022-09-23 14:52:40,219 INFO Bean 'org.springframework.security.access.expression.method.DefaultMethodSecurityExpressionHandler@2c1dc8e' of type [org.springframework.security.access.expression.method.DefaultMethodSecurityExpressionHandler] is not eligible for getting processed by all BeanPostProcessors (for example: not eligible for auto-proxying)

2022-09-23 14:52:40,246 INFO Bean 'methodSecurityMetadataSource' of type [org.springframework.security.access.method.DelegatingMethodSecurityMetadataSource] is not eligible for getting processed by all BeanPostProcessors (for example: not eligible for auto-proxying)

2022-09-23 14:52:40,786 INFO Tomcat initialized with port(s): 8848 (http)

2022-09-23 14:52:41,465 INFO Root WebApplicationContext: initialization completed in 11348 ms

2022-09-23 14:52:48,091 INFO Initializing ExecutorService 'applicationTaskExecutor'

2022-09-23 14:52:48,297 INFO Adding welcome page: class path resource [static/index.html]

2022-09-23 14:52:49,140 INFO Creating filter chain: Ant [pattern='/**'], []

2022-09-23 14:52:49,231 INFO Creating filter chain: any request, [org.springframework.security.web.context.request.async.WebAsyncManagerIntegrationFilter@5fe7f967, org.springframework.security.web.context.SecurityContextPersistenceFilter@6c42f2a1, org.springframework.security.web.header.HeaderWriterFilter@74dbb1ee, org.springframework.security.web.csrf.CsrfFilter@47a7a101, org.springframework.security.web.authentication.logout.LogoutFilter@4867ab9f, org.springframework.security.web.savedrequest.RequestCacheAwareFilter@5ff2b8ca, org.springframework.security.web.servletapi.SecurityContextHolderAwareRequestFilter@3531f3ca, org.springframework.security.web.authentication.AnonymousAuthenticationFilter@59e43e8c, org.springframework.security.web.session.SessionManagementFilter@3efedc6f, org.springframework.security.web.access.ExceptionTranslationFilter@7479b626]

2022-09-23 14:52:49,492 INFO Initializing ExecutorService 'taskScheduler'

2022-09-23 14:52:49,544 INFO Exposing 16 endpoint(s) beneath base path '/actuator'

2022-09-23 14:52:49,920 INFO Tomcat started on port(s): 8848 (http) with context path '/nacos'

2022-09-23 14:52:49,941 INFO Nacos started successfully in stand alone mode. use external storage

